<?xml version="1.0" encoding="UTF-8"?>
<testsuite name="io.jron.piece.PawnTest" tests="1" skipped="0" failures="0" errors="0" timestamp="2021-11-07T19:11:09" hostname="XPS-JARON" time="0.03">
  <properties/>
  <testcase name="testFirstMove()" classname="io.jron.piece.PawnTest" time="0.03"/>
  <system-out><![CDATA[[Cordanate{x=4, y=5}, Cordanate{x=4, y=4}]
]]></system-out>
  <system-err><![CDATA[]]></system-err>
</testsuite>
